time="2023-09-14T16:24:49+09:00" level=info msg="- - - - - - - - - - - - - - -"
time="2023-09-14T16:24:49+09:00" level=info msg="daemon started by colima"
time="2023-09-14T16:24:49+09:00" level=info msg="Run `/usr/bin/pkill -F /Users/hhwanseung/.colima/default/daemon/daemon.pid` to kill the daemon"
time="2023-09-14T16:24:49+09:00" level=info msg="waiting for clients..."
time="2023-09-14T16:25:12+09:00" level=info msg="terminate signal received"
time="2023-09-14T16:25:12+09:00" level=fatal msg="context canceled"
time="2023-09-14T16:25:12+09:00" level=info msg="- - - - - - - - - - - - - - -"
time="2023-09-14T16:25:12+09:00" level=info msg="daemon started by colima"
time="2023-09-14T16:25:12+09:00" level=info msg="Run `/usr/bin/pkill -F /Users/hhwanseung/.colima/default/daemon/daemon.pid` to kill the daemon"
time="2023-09-14T16:25:12+09:00" level=info msg="waiting for clients..."
time="2023-09-14T16:26:09+09:00" level=info msg="terminate signal received"
time="2023-09-14T16:26:09+09:00" level=fatal msg="context canceled"
time="2023-09-14T16:26:10+09:00" level=info msg="- - - - - - - - - - - - - - -"
time="2023-09-14T16:26:10+09:00" level=info msg="daemon started by colima"
time="2023-09-14T16:26:10+09:00" level=info msg="Run `/usr/bin/pkill -F /Users/hhwanseung/.colima/default/daemon/daemon.pid` to kill the daemon"
time="2023-09-14T16:26:10+09:00" level=info msg="waiting for clients..."
time="2023-09-14T16:29:06+09:00" level=info msg="terminate signal received"
time="2023-09-14T16:29:06+09:00" level=fatal msg="context canceled"
time="2023-09-14T16:31:00+09:00" level=info msg="- - - - - - - - - - - - - - -"
time="2023-09-14T16:31:00+09:00" level=info msg="daemon started by colima"
time="2023-09-14T16:31:00+09:00" level=info msg="Run `/usr/bin/pkill -F /Users/hhwanseung/.colima/default/daemon/daemon.pid` to kill the daemon"
time="2023-09-14T16:31:01+09:00" level=info msg="waiting for clients..."
time="2023-09-14T16:32:45+09:00" level=info msg="terminate signal received"
time="2023-09-14T16:32:45+09:00" level=fatal msg="context canceled"
time="2023-09-14T16:32:46+09:00" level=info msg="- - - - - - - - - - - - - - -"
time="2023-09-14T16:32:46+09:00" level=info msg="daemon started by colima"
time="2023-09-14T16:32:46+09:00" level=info msg="Run `/usr/bin/pkill -F /Users/hhwanseung/.colima/default/daemon/daemon.pid` to kill the daemon"
time="2023-09-14T16:32:46+09:00" level=info msg="waiting for clients..."
time="2023-09-14T16:38:25+09:00" level=info msg="terminate signal received"
time="2023-09-14T16:38:25+09:00" level=fatal msg="context canceled"
time="2023-09-14T16:38:26+09:00" level=info msg="- - - - - - - - - - - - - - -"
time="2023-09-14T16:38:26+09:00" level=info msg="daemon started by colima"
time="2023-09-14T16:38:26+09:00" level=info msg="Run `/usr/bin/pkill -F /Users/hhwanseung/.colima/default/daemon/daemon.pid` to kill the daemon"
time="2023-09-14T16:38:26+09:00" level=info msg="waiting for clients..."
time="2023-09-14T16:40:22+09:00" level=info msg="terminate signal received"
time="2023-09-14T16:40:22+09:00" level=fatal msg="context canceled"
time="2023-09-14T16:40:23+09:00" level=info msg="- - - - - - - - - - - - - - -"
time="2023-09-14T16:40:23+09:00" level=info msg="daemon started by colima"
time="2023-09-14T16:40:23+09:00" level=info msg="Run `/usr/bin/pkill -F /Users/hhwanseung/.colima/default/daemon/daemon.pid` to kill the daemon"
time="2023-09-14T16:40:23+09:00" level=info msg="waiting for clients..."
time="2023-09-14T16:51:52+09:00" level=info msg="terminate signal received"
time="2023-09-14T16:51:52+09:00" level=fatal msg="context canceled"
time="2023-09-14T16:51:53+09:00" level=info msg="- - - - - - - - - - - - - - -"
time="2023-09-14T16:51:53+09:00" level=info msg="daemon started by colima"
time="2023-09-14T16:51:53+09:00" level=info msg="Run `/usr/bin/pkill -F /Users/hhwanseung/.colima/default/daemon/daemon.pid` to kill the daemon"
time="2023-09-14T16:51:53+09:00" level=info msg="waiting for clients..."
time="2023-09-14T16:53:20+09:00" level=info msg="terminate signal received"
time="2023-09-14T16:53:20+09:00" level=fatal msg="context canceled"
time="2023-09-14T16:53:21+09:00" level=info msg="- - - - - - - - - - - - - - -"
time="2023-09-14T16:53:21+09:00" level=info msg="daemon started by colima"
time="2023-09-14T16:53:21+09:00" level=info msg="Run `/usr/bin/pkill -F /Users/hhwanseung/.colima/default/daemon/daemon.pid` to kill the daemon"
time="2023-09-14T16:53:21+09:00" level=info msg="waiting for clients..."
time="2023-09-14T16:54:04+09:00" level=info msg="terminate signal received"
time="2023-09-14T16:54:04+09:00" level=fatal msg="context canceled"
time="2023-09-14T16:55:28+09:00" level=info msg="- - - - - - - - - - - - - - -"
time="2023-09-14T16:55:28+09:00" level=info msg="daemon started by colima"
time="2023-09-14T16:55:28+09:00" level=info msg="Run `/usr/bin/pkill -F /Users/hhwanseung/.colima/default/daemon/daemon.pid` to kill the daemon"
time="2023-09-14T16:55:28+09:00" level=info msg="waiting for clients..."
time="2023-09-14T17:04:35+09:00" level=info msg="terminate signal received"
time="2023-09-14T17:04:35+09:00" level=fatal msg="context canceled"
time="2023-09-14T17:04:36+09:00" level=info msg="- - - - - - - - - - - - - - -"
time="2023-09-14T17:04:36+09:00" level=info msg="daemon started by colima"
time="2023-09-14T17:04:36+09:00" level=info msg="Run `/usr/bin/pkill -F /Users/hhwanseung/.colima/default/daemon/daemon.pid` to kill the daemon"
time="2023-09-14T17:04:36+09:00" level=info msg="waiting for clients..."
time="2023-09-14T17:21:10+09:00" level=info msg="terminate signal received"
time="2023-09-14T17:21:10+09:00" level=fatal msg="context canceled"
time="2023-09-14T17:21:11+09:00" level=info msg="- - - - - - - - - - - - - - -"
time="2023-09-14T17:21:11+09:00" level=info msg="daemon started by colima"
time="2023-09-14T17:21:11+09:00" level=info msg="Run `/usr/bin/pkill -F /Users/hhwanseung/.colima/default/daemon/daemon.pid` to kill the daemon"
time="2023-09-14T17:21:11+09:00" level=info msg="waiting for clients..."
time="2023-09-14T17:33:37+09:00" level=info msg="terminate signal received"
time="2023-09-14T17:33:37+09:00" level=fatal msg="context canceled"
time="2023-09-14T17:33:38+09:00" level=info msg="- - - - - - - - - - - - - - -"
time="2023-09-14T17:33:38+09:00" level=info msg="daemon started by colima"
time="2023-09-14T17:33:38+09:00" level=info msg="Run `/usr/bin/pkill -F /Users/hhwanseung/.colima/default/daemon/daemon.pid` to kill the daemon"
time="2023-09-14T17:33:38+09:00" level=info msg="waiting for clients..."
time="2023-09-14T17:34:18+09:00" level=info msg="new connection from  to /Users/hhwanseung/.colima/default/daemon/gvproxy.sock"
